<?xml version="1.0" encoding="UTF-8"?>
<!-- Generated by org.testng.reporters.JUnitReportReporter -->
<testsuite hostname="DESKTOP-2N26SR1" failures="0" tests="1" name="com.project1.testcases.LoginTest" time="8.898" errors="0" timestamp="2024-02-10T12:36:07 IST" skipped="0">
  <testcase classname="com.project1.testcases.LoginTest" name="login" time="8.898"/>
</testsuite> <!-- com.project1.testcases.LoginTest -->
