<?xml version="1.0" encoding="UTF-8"?>
<!-- Generated by org.testng.reporters.JUnitReportReporter -->
<testsuite hostname="DESKTOP-2N26SR1" failures="0" tests="1" name="com.project1.testcases.EndToEndTest" time="1.847" errors="0" timestamp="2024-02-11T19:11:33 IST" skipped="0">
  <testcase classname="com.project1.testcases.EndToEndTest" name="e2e" time="1.847"/>
</testsuite> <!-- com.project1.testcases.EndToEndTest -->
