<?xml version="1.0" encoding="UTF-8"?>
<!-- Generated by org.testng.reporters.JUnitReportReporter -->
<testsuite hostname="DESKTOP-2N26SR1" failures="0" tests="1" name="com.project1.testbase.BaseClass" time="2.907" errors="0" timestamp="2024-02-10T09:54:13 IST" skipped="0">
  <testcase classname="com.project1.testbase.BaseClass" name="setUp" time="2.907"/>
</testsuite> <!-- com.project1.testbase.BaseClass -->
